#
# There is insufficient memory for the Java Runtime Environment to continue.
# Native memory allocation (malloc) failed to allocate 1049168 bytes. Error detail: Chunk::new
# Possible reasons:
#   The system is out of physical RAM or swap space
#   This process is running with CompressedOops enabled, and the Java Heap may be blocking the growth of the native heap
# Possible solutions:
#   Reduce memory load on the system
#   Increase physical memory or swap space
#   Check if swap backing store is full
#   Decrease Java heap size (-Xmx/-Xms)
#   Decrease number of Java threads
#   Decrease Java thread stack sizes (-Xss)
#   Set larger code cache with -XX:ReservedCodeCacheSize=
#   JVM is running with Unscaled Compressed Oops mode in which the Java heap is
#     placed in the first 4GB address space. The Java Heap base address is the
#     maximum limit for the native heap growth. Please use -XX:HeapBaseMinAddress
#     to set the Java Heap base and to place the Java Heap above 4GB virtual address.
# This output file may be truncated or incomplete.
#
#  Out of Memory Error (arena.cpp:162), pid=32852, tid=25060
#
# JRE version: Java(TM) SE Runtime Environment (24.0.2+12) (build 24.0.2+12-54)
# Java VM: Java HotSpot(TM) 64-Bit Server VM (24.0.2+12-54, mixed mode, tiered, compressed oops, compressed class ptrs, g1 gc, windows-amd64)
# No core dump will be written. Minidumps are not enabled by default on client versions of Windows
#

---------------  S U M M A R Y ------------

Command Line: -Dapplication.home=C:\Program Files\Java\jdk-24 --add-modules=ALL-DEFAULT -Xms8m -Djdk.module.main=jdk.compiler jdk.compiler/com.sun.tools.javac.Main PrimeNumber.java

Host: Intel(R) Core(TM) i5-8365U CPU @ 1.60GHz, 8 cores, 7G,  Windows 11 , 64 bit Build 22621 (10.0.22621.5415)
Time: Sun Dec 28 15:39:13 2025 India Standard Time elapsed time: 0.250718 seconds (0d 0h 0m 0s)

---------------  T H R E A D  ---------------

Current thread (0x0000019cc3226fe0):  JavaThread "C2 CompilerThread0" daemon [_thread_in_native, id=25060, stack(0x0000008ab3a00000,0x0000008ab3b00000) (1024K)]


Current CompileTask:
C2:250  251       4       java.util.HashMap::putVal (300 bytes)

Stack: [0x0000008ab3a00000,0x0000008ab3b00000]
Native frames: (J=compiled Java code, j=interpreted, Vv=VM code, C=native code)
V  [jvm.dll+0x730829]  (no source info available)
V  [jvm.dll+0x8d9da3]  (no source info available)
V  [jvm.dll+0x8dc28d]  (no source info available)
V  [jvm.dll+0x8dc903]  (no source info available)
V  [jvm.dll+0x2a9f56]  (no source info available)
V  [jvm.dll+0xced7f]  (no source info available)
V  [jvm.dll+0xcefdf]  (no source info available)
V  [jvm.dll+0x154c83]  (no source info available)
V  [jvm.dll+0x73604f]  (no source info available)
V  [jvm.dll+0x26f8dc]  (no source info available)
V  [jvm.dll+0x26e8ff]  (no source info available)
V  [jvm.dll+0x1e9c90]  (no source info available)
V  [jvm.dll+0x27e0cb]  (no source info available)
V  [jvm.dll+0x27c36a]  (no source info available)
V  [jvm.dll+0x42f396]  (no source info available)
V  [jvm.dll+0x87d9eb]  (no source info available)
V  [jvm.dll+0x72ef45]  (no source info available)
C  [ucrtbase.dll+0x29333]  (no source info available)
C  [KERNEL32.DLL+0x1259d]  (no source info available)
C  [ntdll.dll+0x5af78]  (no source info available)

Lock stack of current Java thread (top to bottom):


---------------  P R O C E S S  ---------------

Threads class SMR info:
_java_thread_list=0x0000019cc360d7d0, length=11, elements={
0x0000019cc32051e0, 0x0000019cc3207300, 0x0000019cc32280d0, 0x0000019cc3228e00,
0x0000019cc3229b30, 0x0000019cc322e670, 0x0000019cc3226fe0, 0x0000019cc323d060,
0x0000019cc34c3a20, 0x0000019cc355e290, 0x0000019ca407fc80
}

Java Threads: ( => current thread )
  0x0000019cc32051e0 JavaThread "Reference Handler"          daemon [_thread_blocked, id=31272, stack(0x0000008ab3400000,0x0000008ab3500000) (1024K)]
  0x0000019cc3207300 JavaThread "Finalizer"                  daemon [_thread_blocked, id=2444, stack(0x0000008ab3500000,0x0000008ab3600000) (1024K)]
  0x0000019cc32280d0 JavaThread "Signal Dispatcher"          daemon [_thread_blocked, id=22328, stack(0x0000008ab3600000,0x0000008ab3700000) (1024K)]
  0x0000019cc3228e00 JavaThread "Attach Listener"            daemon [_thread_blocked, id=7800, stack(0x0000008ab3700000,0x0000008ab3800000) (1024K)]
  0x0000019cc3229b30 JavaThread "Service Thread"             daemon [_thread_blocked, id=13508, stack(0x0000008ab3800000,0x0000008ab3900000) (1024K)]
  0x0000019cc322e670 JavaThread "Monitor Deflation Thread"   daemon [_thread_blocked, id=9376, stack(0x0000008ab3900000,0x0000008ab3a00000) (1024K)]
=>0x0000019cc3226fe0 JavaThread "C2 CompilerThread0"         daemon [_thread_in_native, id=25060, stack(0x0000008ab3a00000,0x0000008ab3b00000) (1024K)]
  0x0000019cc323d060 JavaThread "C1 CompilerThread0"         daemon [_thread_blocked, id=21304, stack(0x0000008ab3b00000,0x0000008ab3c00000) (1024K)]
  0x0000019cc34c3a20 JavaThread "Notification Thread"        daemon [_thread_blocked, id=33312, stack(0x0000008ab3c00000,0x0000008ab3d00000) (1024K)]
  0x0000019cc355e290 JavaThread "C2 CompilerThread1"         daemon [_thread_in_native, id=18828, stack(0x0000008ab3d00000,0x0000008ab3e00000) (1024K)]
  0x0000019ca407fc80 JavaThread "DestroyJavaVM"                     [_thread_blocked, id=21280, stack(0x0000008ab2c00000,0x0000008ab2d00000) (1024K)]
Total: 11

Other Threads:
  0x0000019ca64ee330 VMThread "VM Thread"                           [id=30688, stack(0x0000008ab3300000,0x0000008ab3400000) (1024K)]
  0x0000019cc31bda20 WatcherThread "VM Periodic Task Thread"        [id=16568, stack(0x0000008ab3200000,0x0000008ab3300000) (1024K)]
  0x0000019ca64821c0 WorkerThread "GC Thread#0"                     [id=24220, stack(0x0000008ab2d00000,0x0000008ab2e00000) (1024K)]
  0x0000019ca6496ee0 ConcurrentGCThread "G1 Main Marker"            [id=24240, stack(0x0000008ab2e00000,0x0000008ab2f00000) (1024K)]
  0x0000019ca64979f0 WorkerThread "G1 Conc#0"                       [id=15112, stack(0x0000008ab2f00000,0x0000008ab3000000) (1024K)]
  0x0000019ca64cd4b0 ConcurrentGCThread "G1 Refine#0"               [id=28804, stack(0x0000008ab3000000,0x0000008ab3100000) (1024K)]
  0x0000019ca64ce030 ConcurrentGCThread "G1 Service"                [id=25208, stack(0x0000008ab3100000,0x0000008ab3200000) (1024K)]
Total: 7

Threads with active compile tasks:
C2 CompilerThread0  308  251       4       java.util.HashMap::putVal (300 bytes)
C2 CompilerThread1  308  359       4       java.lang.StringLatin1::indexOfChar (33 bytes)
Total: 2

VM state: not at safepoint (normal execution)

VM Mutex/Monitor currently owned by a thread: None

OutOfMemory and StackOverflow Exception counts:
OutOfMemoryError java_heap_errors=2
LinkageErrors=1

Heap address: 0x0000000081e00000, size: 2018 MB, Compressed Oops mode: 32-bit

CDS archive(s) not mapped
Compressed class space mapped at: 0x000000003b000000-0x000000007b000000, reserved size: 1073741824
UseCompressedClassPointers 1, UseCompactObjectHeaders 0
Narrow klass pointer bits 32, Max shift 3
Narrow klass base: 0x0000000000000000, Narrow klass shift: 0
Encoding Range: [0x0000000000000000 - 0x0000000100000000), (4294967296 bytes)
Klass Range:    [0x000000003b000000 - 0x000000007b000000), (1073741824 bytes)
Klass ID Range:  [989855744 - 2063597561) (1073741817)

GC Precious Log:
 CardTable entry size: 512
 Card Set container configuration: InlinePtr #cards 5 size 8 Array Of Cards #cards 10 size 36 Howl #buckets 4 coarsen threshold 1843 Howl Bitmap #cards 512 size 80 coarsen threshold 460 Card regions per heap region 1 cards per card region 2048
 CPUs: 8 total, 8 available
 Memory: 8067M
 Large Page Support: Disabled
 NUMA Support: Disabled
 Compressed Oops: Enabled (32-bit)
 Heap Region Size: 1M
 Heap Min Capacity: 8M
 Heap Initial Capacity: 8M
 Heap Max Capacity: 2018M
 Pre-touch: Disabled
 Parallel Workers: 8
 Concurrent Workers: 2
 Concurrent Refinement Workers: 8
 Periodic GC: Disabled

Heap:
 garbage-first heap   total reserved 2066432K, committed 8192K, used 2048K [0x0000000081e00000, 0x0000000100000000)
  region size 1024K, 3 young (3072K), 0 survivors (0K)
 Metaspace       used 8388K, committed 8576K, reserved 1114112K
  class space    used 627K, committed 704K, reserved 1048576K

Heap Regions: E=young(eden), S=young(survivor), O=old, HS=humongous(starts), HC=humongous(continues), CS=collection set, F=free, TAMS=top-at-mark-start, PB=parsable bottom
|   0|0x0000000081e00000, 0x0000000081e00000, 0x0000000081f00000|  0%| F|  |TAMS 0x0000000081e00000| PB 0x0000000081e00000| Untracked |  0
|   1|0x0000000081f00000, 0x0000000081f00000, 0x0000000082000000|  0%| F|  |TAMS 0x0000000081f00000| PB 0x0000000081f00000| Untracked |  0
|   2|0x0000000082000000, 0x0000000082000000, 0x0000000082100000|  0%| F|  |TAMS 0x0000000082000000| PB 0x0000000082000000| Untracked |  0
|   3|0x0000000082100000, 0x0000000082100000, 0x0000000082200000|  0%| F|  |TAMS 0x0000000082100000| PB 0x0000000082100000| Untracked |  0
|   4|0x0000000082200000, 0x0000000082200000, 0x0000000082300000|  0%| F|  |TAMS 0x0000000082200000| PB 0x0000000082200000| Untracked |  0
|   5|0x0000000082300000, 0x00000000823d5748, 0x0000000082400000| 83%| E|  |TAMS 0x0000000082300000| PB 0x0000000082300000| Complete |  0
|   6|0x0000000082400000, 0x0000000082500000, 0x0000000082500000|100%| E|CS|TAMS 0x0000000082400000| PB 0x0000000082400000| Complete |  0
|   7|0x0000000082500000, 0x0000000082600000, 0x0000000082600000|100%| E|CS|TAMS 0x0000000082500000| PB 0x0000000082500000| Complete |  0

Card table byte_map: [0x0000019cbe400000,0x0000019cbe800000] _byte_map_base: 0x0000019cbdff1000

Marking Bits: (CMBitMap*) 0x0000019ca64828d0
 Bits: [0x0000019cbe800000, 0x0000019cc0788000)

Polling page: 0x0000019ca5c00000

Metaspace:

Usage:
  Non-class:      7.58 MB used.
      Class:    627.67 KB used.
       Both:      8.19 MB used.

Virtual space:
  Non-class space:       64.00 MB reserved,       7.69 MB ( 12%) committed,  1 nodes.
      Class space:        1.00 GB reserved,     704.00 KB ( <1%) committed,  1 nodes.
             Both:        1.06 GB reserved,       8.38 MB ( <1%) committed. 

Chunk freelists:
   Non-Class:  8.17 MB
       Class:  15.17 MB
        Both:  23.34 MB

MaxMetaspaceSize: unlimited
CompressedClassSpaceSize: 1.00 GB
Initial GC threshold: 21.00 MB
Current GC threshold: 21.00 MB
CDS: off
 - commit_granule_bytes: 65536.
 - commit_granule_words: 8192.
 - virtual_space_node_default_size: 8388608.
 - enlarge_chunks_in_place: 1.
UseCompressedClassPointers 1, UseCompactObjectHeaders 0
Narrow klass pointer bits 32, Max shift 3
Narrow klass base: 0x0000000000000000, Narrow klass shift: 0
Encoding Range: [0x0000000000000000 - 0x0000000100000000), (4294967296 bytes)
Klass Range:    [0x000000003b000000 - 0x000000007b000000), (1073741824 bytes)
Klass ID Range:  [989855744 - 2063597561) (1073741817)


Internal statistics:

num_allocs_failed_limit: 0.
num_arena_births: 12.
num_arena_deaths: 0.
num_vsnodes_births: 2.
num_vsnodes_deaths: 0.
num_space_committed: 134.
num_space_uncommitted: 0.
num_chunks_returned_to_freelist: 0.
num_chunks_taken_from_freelist: 76.
num_chunk_merges: 0.
num_chunk_splits: 44.
num_chunks_enlarged: 27.
num_inconsistent_stats: 0.

CodeHeap 'non-profiled nmethods': size=120064Kb used=114Kb max_used=114Kb free=119949Kb
 bounds [0x0000019cb6790000, 0x0000019cb6a00000, 0x0000019cbdcd0000]
CodeHeap 'profiled nmethods': size=120000Kb used=320Kb max_used=320Kb free=119679Kb
 bounds [0x0000019caecd0000, 0x0000019caef40000, 0x0000019cb6200000]
CodeHeap 'non-nmethods': size=5696Kb used=1214Kb max_used=1216Kb free=4481Kb
 bounds [0x0000019cb6200000, 0x0000019cb6470000, 0x0000019cb6790000]
CodeCache: size=245760Kb, used=1648Kb, max_used=1650Kb, free=244109Kb
 total_blobs=730, nmethods=362, adapters=272, full_count=0
Compilation: enabled, stopped_count=0, restarted_count=0

Compilation events (20 events):
Event: 0.244 Thread 0x0000019cc323d060  267       3       jdk.internal.util.Preconditions::checkFromToIndex (24 bytes)
Event: 0.244 Thread 0x0000019cc323d060 nmethod 267 0x0000019caed07388 code [0x0000019caed074a0, 0x0000019caed07658]
Event: 0.244 Thread 0x0000019cc323d060  266       3       java.lang.String::checkBoundsBeginEnd (11 bytes)
Event: 0.245 Thread 0x0000019cc323d060 nmethod 266 0x0000019caed07688 code [0x0000019caed077c0, 0x0000019caed079e0]
Event: 0.245 Thread 0x0000019cc323d060  270       3       jdk.internal.classfile.impl.SplitConstantPool::internalAdd (12 bytes)
Event: 0.245 Thread 0x0000019cc323d060 nmethod 270 0x0000019caed07a08 code [0x0000019caed07b40, 0x0000019caed07d58]
Event: 0.245 Thread 0x0000019cc323d060  271       3       jdk.internal.classfile.impl.SplitConstantPool::internalAdd (78 bytes)
Event: 0.246 Thread 0x0000019cc323d060 nmethod 271 0x0000019caed07d88 code [0x0000019caed07f20, 0x0000019caed08608]
Event: 0.246 Thread 0x0000019cc323d060  268       1       java.lang.invoke.MethodHandle::type (5 bytes)
Event: 0.246 Thread 0x0000019cc323d060 nmethod 268 0x0000019cb67a5b08 code [0x0000019cb67a5c00, 0x0000019cb67a5cc8]
Event: 0.246 Thread 0x0000019cc323d060  272       3       jdk.internal.classfile.impl.AbstractPoolEntry::maybeClone (26 bytes)
Event: 0.246 Thread 0x0000019cc323d060 nmethod 272 0x0000019caed08688 code [0x0000019caed087e0, 0x0000019caed08c30]
Event: 0.246 Thread 0x0000019cc323d060  264       1       jdk.internal.classfile.impl.AbstractDirectBuilder::constantPool (5 bytes)
Event: 0.246 Thread 0x0000019cc323d060 nmethod 264 0x0000019cb67a5e08 code [0x0000019cb67a5f00, 0x0000019cb67a5fc8]
Event: 0.247 Thread 0x0000019cc323d060  274       3       jdk.internal.classfile.impl.EntryMap::put (186 bytes)
Event: 0.248 Thread 0x0000019cc323d060 nmethod 274 0x0000019caed08c88 code [0x0000019caed08e40, 0x0000019caed094e0]
Event: 0.248 Thread 0x0000019cc323d060  276       1       java.util.ArrayList::size (5 bytes)
Event: 0.248 Thread 0x0000019cc323d060 nmethod 276 0x0000019cb67a6108 code [0x0000019cb67a6200, 0x0000019cb67a62c8]
Event: 0.248 Thread 0x0000019cc323d060  275       3       jdk.internal.classfile.impl.AbstractPoolEntry$Utf8EntryImpl::hashCode (8 bytes)
Event: 0.248 Thread 0x0000019cc323d060 nmethod 275 0x0000019caed09508 code [0x0000019caed09640, 0x0000019caed098e8]

GC Heap History (0 events):
No events

Dll operation events (3 events):
Event: 0.012 Loaded shared library C:\Program Files\Java\jdk-24\bin\java.dll
Event: 0.075 Loaded shared library C:\Program Files\Java\jdk-24\bin\jsvml.dll
Event: 0.205 Loaded shared library C:\Program Files\Java\jdk-24\bin\jimage.dll

Deoptimization events (16 events):
Event: 0.235 Thread 0x0000019ca407fc80 Uncommon trap: trap_request=0xffffffde fr.pc=0x0000019cb679fa54 relative=0x00000000000006b4
Event: 0.235 Thread 0x0000019ca407fc80 Uncommon trap: reason=class_check action=maybe_recompile pc=0x0000019cb679fa54 method=java.util.HashMap.putVal(ILjava/lang/Object;Ljava/lang/Object;ZZ)Ljava/lang/Object; @ 106 c2
Event: 0.235 Thread 0x0000019ca407fc80 DEOPT PACKING pc=0x0000019cb679fa54 sp=0x0000008ab2cfdb60
Event: 0.235 Thread 0x0000019ca407fc80 DEOPT UNPACKING pc=0x0000019cb6311b82 sp=0x0000008ab2cfdae8 mode 2
Event: 0.237 Thread 0x0000019ca407fc80 Uncommon trap: trap_request=0xffffffde fr.pc=0x0000019cb679fa54 relative=0x00000000000006b4
Event: 0.237 Thread 0x0000019ca407fc80 Uncommon trap: reason=class_check action=maybe_recompile pc=0x0000019cb679fa54 method=java.util.HashMap.putVal(ILjava/lang/Object;Ljava/lang/Object;ZZ)Ljava/lang/Object; @ 106 c2
Event: 0.237 Thread 0x0000019ca407fc80 DEOPT PACKING pc=0x0000019cb679fa54 sp=0x0000008ab2cfdc70
Event: 0.237 Thread 0x0000019ca407fc80 DEOPT UNPACKING pc=0x0000019cb6311b82 sp=0x0000008ab2cfdbf8 mode 2
Event: 0.237 Thread 0x0000019ca407fc80 Uncommon trap: trap_request=0xffffffde fr.pc=0x0000019cb679fa54 relative=0x00000000000006b4
Event: 0.237 Thread 0x0000019ca407fc80 Uncommon trap: reason=class_check action=maybe_recompile pc=0x0000019cb679fa54 method=java.util.HashMap.putVal(ILjava/lang/Object;Ljava/lang/Object;ZZ)Ljava/lang/Object; @ 106 c2
Event: 0.237 Thread 0x0000019ca407fc80 DEOPT PACKING pc=0x0000019cb679fa54 sp=0x0000008ab2cfdc70
Event: 0.237 Thread 0x0000019ca407fc80 DEOPT UNPACKING pc=0x0000019cb6311b82 sp=0x0000008ab2cfdbf8 mode 2
Event: 0.237 Thread 0x0000019ca407fc80 Uncommon trap: trap_request=0xffffffde fr.pc=0x0000019cb679fa54 relative=0x00000000000006b4
Event: 0.237 Thread 0x0000019ca407fc80 Uncommon trap: reason=class_check action=maybe_recompile pc=0x0000019cb679fa54 method=java.util.HashMap.putVal(ILjava/lang/Object;Ljava/lang/Object;ZZ)Ljava/lang/Object; @ 106 c2
Event: 0.237 Thread 0x0000019ca407fc80 DEOPT PACKING pc=0x0000019cb679fa54 sp=0x0000008ab2cfdc70
Event: 0.237 Thread 0x0000019ca407fc80 DEOPT UNPACKING pc=0x0000019cb6311b82 sp=0x0000008ab2cfdbf8 mode 2

Classes loaded (20 events):
Event: 0.234 Loading class java/util/regex/ASCII
Event: 0.234 Loading class java/util/regex/ASCII done
Event: 0.234 Loading class java/util/Arrays$ArrayList
Event: 0.235 Loading class java/util/Arrays$ArrayList done
Event: 0.235 Loading class java/util/Arrays$ArrayItr
Event: 0.235 Loading class java/util/Arrays$ArrayItr done
Event: 0.237 Loading class java/util/ArrayList$SubList
Event: 0.237 Loading class java/util/ArrayList$SubList done
Event: 0.239 Loading class java/io/FileWriter
Event: 0.239 Loading class java/io/FileWriter done
Event: 0.241 Loading class java/util/Spliterators$ArraySpliterator
Event: 0.241 Loading class java/util/Spliterators$ArraySpliterator done
Event: 0.245 Loading class java/util/JumboEnumSet
Event: 0.246 Loading class java/util/JumboEnumSet done
Event: 0.246 Loading class java/nio/file/FileVisitOption
Event: 0.247 Loading class java/nio/file/FileVisitOption done
Event: 0.249 Loading class jdk/internal/foreign/MemorySessionImpl
Event: 0.249 Loading class java/lang/foreign/MemorySegment$Scope
Event: 0.249 Loading class java/lang/foreign/MemorySegment$Scope done
Event: 0.249 Loading class jdk/internal/foreign/MemorySessionImpl done

Classes unloaded (0 events):
No events

Classes redefined (0 events):
No events

Internal exceptions (0 events):
No events

VM Operations (2 events):
Event: 0.177 Executing VM operation: HandshakeAllThreads (Deoptimize)
Event: 0.177 Executing VM operation: HandshakeAllThreads (Deoptimize) done

Memory protections (0 events):
No events

Nmethod flushes (0 events):
No events

Events (10 events):
Event: 0.020 Thread 0x0000019ca407fc80 Thread added: 0x0000019ca407fc80
Event: 0.070 Thread 0x0000019ca407fc80 Thread added: 0x0000019cc32051e0
Event: 0.070 Thread 0x0000019ca407fc80 Thread added: 0x0000019cc3207300
Event: 0.073 Thread 0x0000019ca407fc80 Thread added: 0x0000019cc32280d0
Event: 0.073 Thread 0x0000019ca407fc80 Thread added: 0x0000019cc3228e00
Event: 0.073 Thread 0x0000019ca407fc80 Thread added: 0x0000019cc3229b30
Event: 0.073 Thread 0x0000019ca407fc80 Thread added: 0x0000019cc322e670
Event: 0.073 Thread 0x0000019ca407fc80 Thread added: 0x0000019cc3226fe0
Event: 0.073 Thread 0x0000019ca407fc80 Thread added: 0x0000019cc323d060
Event: 0.190 Thread 0x0000019ca407fc80 Thread added: 0x0000019cc34c3a20


Dynamic libraries:
0x00007ff6d88f0000 - 0x00007ff6d88f8000 	C:\Program Files\Java\jdk-24\bin\javac.exe
0x00007ff8cef90000 - 0x00007ff8cf1a8000 	C:\Windows\SYSTEM32\ntdll.dll
0x00007ff8ce250000 - 0x00007ff8ce314000 	C:\Windows\System32\KERNEL32.DLL
0x00007ff8cc0a0000 - 0x00007ff8cc473000 	C:\Windows\System32\KERNELBASE.dll
0x00007ff8ccb10000 - 0x00007ff8ccc21000 	C:\Windows\System32\ucrtbase.dll
0x00007ff8c6d70000 - 0x00007ff8c6d8b000 	C:\Program Files\Java\jdk-24\bin\VCRUNTIME140.dll
0x00007ff8c25d0000 - 0x00007ff8c25e6000 	C:\Program Files\Java\jdk-24\bin\jli.dll
0x00007ff8ccd60000 - 0x00007ff8ccf12000 	C:\Windows\System32\USER32.dll
0x00007ff8b9280000 - 0x00007ff8b951c000 	C:\Windows\WinSxS\amd64_microsoft.windows.common-controls_6595b64144ccf1df_6.0.22621.6060_none_2712eda17382d24b\COMCTL32.dll
0x00007ff8cc730000 - 0x00007ff8cc756000 	C:\Windows\System32\win32u.dll
0x00007ff8ce900000 - 0x00007ff8ce9a7000 	C:\Windows\System32\msvcrt.dll
0x00007ff8ce390000 - 0x00007ff8ce3b9000 	C:\Windows\System32\GDI32.dll
0x00007ff8cc760000 - 0x00007ff8cc87b000 	C:\Windows\System32\gdi32full.dll
0x00007ff8cc880000 - 0x00007ff8cc91a000 	C:\Windows\System32\msvcp_win.dll
0x00007ff8cea70000 - 0x00007ff8ceaa1000 	C:\Windows\System32\IMM32.DLL
0x00007ff8c7970000 - 0x00007ff8c797c000 	C:\Program Files\Java\jdk-24\bin\vcruntime140_1.dll
0x00007ff88c610000 - 0x00007ff88c69e000 	C:\Program Files\Java\jdk-24\bin\msvcp140.dll
0x00007ff85ebd0000 - 0x00007ff85f971000 	C:\Program Files\Java\jdk-24\bin\server\jvm.dll
0x00007ff8ce9b0000 - 0x00007ff8cea61000 	C:\Windows\System32\ADVAPI32.dll
0x00007ff8ce0c0000 - 0x00007ff8ce168000 	C:\Windows\System32\sechost.dll
0x00007ff8cc9a0000 - 0x00007ff8cc9c8000 	C:\Windows\System32\bcrypt.dll
0x00007ff8cdf30000 - 0x00007ff8ce048000 	C:\Windows\System32\RPCRT4.dll
0x00007ff8cdeb0000 - 0x00007ff8cdf21000 	C:\Windows\System32\WS2_32.dll
0x00007ff8cbf70000 - 0x00007ff8cbfbd000 	C:\Windows\SYSTEM32\POWRPROF.dll
0x00007ff8c78f0000 - 0x00007ff8c7924000 	C:\Windows\SYSTEM32\WINMM.dll
0x00007ff8c7c70000 - 0x00007ff8c7c7a000 	C:\Windows\SYSTEM32\VERSION.dll
0x00007ff8cbf50000 - 0x00007ff8cbf63000 	C:\Windows\SYSTEM32\UMPDC.dll
0x00007ff8cb040000 - 0x00007ff8cb058000 	C:\Windows\SYSTEM32\kernel.appcore.dll
0x00007ff8c4170000 - 0x00007ff8c417a000 	C:\Program Files\Java\jdk-24\bin\jimage.dll
0x00007ff8c99b0000 - 0x00007ff8c9be3000 	C:\Windows\SYSTEM32\DBGHELP.DLL
0x00007ff8cd990000 - 0x00007ff8cdd21000 	C:\Windows\System32\combase.dll
0x00007ff8ce170000 - 0x00007ff8ce248000 	C:\Windows\System32\OLEAUT32.dll
0x00007ff8b7a30000 - 0x00007ff8b7a62000 	C:\Windows\SYSTEM32\dbgcore.DLL
0x00007ff8cc920000 - 0x00007ff8cc99b000 	C:\Windows\System32\bcryptPrimitives.dll
0x00007ff8c4050000 - 0x00007ff8c406e000 	C:\Program Files\Java\jdk-24\bin\java.dll
0x00007ff8ce750000 - 0x00007ff8ce8f1000 	C:\Windows\System32\ole32.dll
0x00007ff8cd0f0000 - 0x00007ff8cd98c000 	C:\Windows\System32\SHELL32.dll
0x00007ff8cc5f0000 - 0x00007ff8cc72f000 	C:\Windows\System32\wintypes.dll
0x00007ff8c9f50000 - 0x00007ff8ca86a000 	C:\Windows\SYSTEM32\windows.storage.dll
0x00007ff8ce470000 - 0x00007ff8ce574000 	C:\Windows\System32\SHCORE.dll
0x00007ff8ce320000 - 0x00007ff8ce389000 	C:\Windows\System32\shlwapi.dll
0x00007ff8cbfd0000 - 0x00007ff8cbff5000 	C:\Windows\SYSTEM32\profapi.dll
0x00007ff88c7c0000 - 0x00007ff88c897000 	C:\Program Files\Java\jdk-24\bin\jsvml.dll

JVMTI agents: none

dbghelp: loaded successfully - version: 4.0.5 - missing functions: none
symbol engine: initialized successfully - sym options: 0x614 - pdb path: .;C:\Program Files\Java\jdk-24\bin;C:\Windows\SYSTEM32;C:\Windows\WinSxS\amd64_microsoft.windows.common-controls_6595b64144ccf1df_6.0.22621.6060_none_2712eda17382d24b;C:\Program Files\Java\jdk-24\bin\server

VM Arguments:
jvm_args: -Dapplication.home=C:\Program Files\Java\jdk-24 --add-modules=ALL-DEFAULT -Xms8m -Djdk.module.main=jdk.compiler 
java_command: jdk.compiler/com.sun.tools.javac.Main PrimeNumber.java
java_class_path (initial): <not set>
Launcher Type: SUN_STANDARD

[Global flags]
     intx CICompilerCount                          = 4                                         {product} {ergonomic}
     uint ConcGCThreads                            = 2                                         {product} {ergonomic}
     uint G1ConcRefinementThreads                  = 8                                         {product} {ergonomic}
   size_t G1HeapRegionSize                         = 1048576                                   {product} {ergonomic}
   size_t InitialHeapSize                          = 8388608                                   {product} {command line}
   size_t MarkStackSize                            = 4194304                                   {product} {ergonomic}
   size_t MarkStackSizeMax                         = 536870912                                 {product} {ergonomic}
   size_t MaxHeapSize                              = 2116026368                                {product} {ergonomic}
   size_t MaxNewSize                               = 1268776960                                {product} {ergonomic}
   size_t MinHeapDeltaBytes                        = 1048576                                   {product} {ergonomic}
   size_t MinHeapSize                              = 8388608                                   {product} {command line}
    uintx NonNMethodCodeHeapSize                   = 5832704                                {pd product} {ergonomic}
    uintx NonProfiledCodeHeapSize                  = 122945536                              {pd product} {ergonomic}
    uintx ProfiledCodeHeapSize                     = 122880000                              {pd product} {ergonomic}
    uintx ReservedCodeCacheSize                    = 251658240                              {pd product} {ergonomic}
     bool SegmentedCodeCache                       = true                                      {product} {ergonomic}
   size_t SoftMaxHeapSize                          = 2116026368                             {manageable} {ergonomic}
     bool UseCompressedOops                        = true                           {product lp64_product} {ergonomic}
     bool UseG1GC                                  = true                                      {product} {ergonomic}
     bool UseLargePagesIndividualAllocation        = false                                  {pd product} {ergonomic}

Logging:
Log output configuration:
 #0: stdout all=warning uptime,level,tags foldmultilines=false
 #1: stderr all=off uptime,level,tags foldmultilines=false

Environment Variables:
JAVA_HOME=C:\Users\dell\AppData\Local\Programs\Eclipse Adoptium\jdk-17.0.11.9-hotspot\
PATH=C:\oraclexe\app\oracle\product\10.2.0\server\bin;C:\Program Files\Common Files\Oracle\Java\javapath;C:\Windows\system32;C:\Windows;C:\Windows\System32\Wbem;C:\Windows\System32\WindowsPowerShell\v1.0\;C:\Windows\System32\OpenSSH\;C:\Users\dell\Downloads\node-v20.17.0-x64.msi;C:\Program Files\MongoDB\Server\8.0\bin;C:\Program Files\dotnet\;C:\Program Files\nodejs\;C:\Program Files\Git\cmd;C:\Users\dell\AppData\Roaming\Microsoft\Windows\Start Menu\Programs\Visual Studio Code;C:\Users\dell\AppData\Local\Programs\Python\Python313;C:\Users\dell\AppData\Local\Programs\Python\Python313\Scripts\;C:\Users\dell\AppData\Local\Programs\Python\Python313\;C:\Program Files\MySQL\MySQL Shell 8.0\bin\;C:\Users\dell\AppData\Local\Programs\Eclipse Adoptium\jdk-17.0.11.9-hotspot\bin;C:\Users\dell\AppData\Local\Microsoft\WindowsApps;C:\MinGW\bin;C:\Users\dell\AppData\Local\Programs\mongosh\;C:\Users\dell\AppData\Local\Microsoft\WinGet\Packages\Schniz.fnm_Microsoft.Winget.Source_8wekyb3d8bbwe;C:\Users\dell\AppData\Roaming\npm;C:\Users\dell\AppData\Local\Programs\Microsoft VS Code\bin
USERNAME=dell
OS=Windows_NT
PROCESSOR_IDENTIFIER=Intel64 Family 6 Model 142 Stepping 12, GenuineIntel
TMP=C:\Users\dell\AppData\Local\Temp
TEMP=C:\Users\dell\AppData\Local\Temp




Periodic native trim disabled

---------------  S Y S T E M  ---------------

OS:
 Windows 11 , 64 bit Build 22621 (10.0.22621.5415)
OS uptime: 2 days 0:33 hours
Hyper-V role detected

CPU: total 8 (initial active 8) (4 cores per cpu, 2 threads per core) family 6 model 142 stepping 12 microcode 0xfe, cx8, cmov, fxsr, ht, mmx, 3dnowpref, sse, sse2, sse3, ssse3, sse4.1, sse4.2, popcnt, lzcnt, tsc, tscinvbit, avx, avx2, aes, erms, clmul, bmi1, bmi2, adx, fma, vzeroupper, clflush, clflushopt, hv, rdtscp, f16c
Processor Information for the first 8 processors :
  Max Mhz: 1896, Current Mhz: 1596, Mhz Limit: 1592

Memory: 4k page, system-wide physical 8067M (512M free)
TotalPageFile size 19378M (AvailPageFile size 6M)
current process WorkingSet (physical memory assigned to process): 38M, peak: 38M
current process commit charge ("private bytes"): 84M, peak: 84M

vm_info: Java HotSpot(TM) 64-Bit Server VM (24.0.2+12-54) for windows-amd64 JRE (24.0.2+12-54), built on 2025-07-08T12:10:27Z with MS VC++ 17.6 (VS2022)

END.
